  [1m[35m (157.5ms)[0m  [1m[35mCREATE DATABASE "TherastarTest_development" ENCODING = 'unicode'[0m
  ↳ /usr/local/lib/ruby/gems/2.6.0/bin/rake:23
  [1m[35m (74.0ms)[0m  [1m[35mCREATE DATABASE "TherastarTest_test" ENCODING = 'unicode'[0m
  ↳ /usr/local/lib/ruby/gems/2.6.0/bin/rake:23
  [1m[35m (129.4ms)[0m  [1m[35mDROP DATABASE IF EXISTS "TherastarTest_development"[0m
  ↳ /usr/local/lib/ruby/gems/2.6.0/bin/rake:23
  [1m[35m (17.1ms)[0m  [1m[35mDROP DATABASE IF EXISTS "TherastarTest_test"[0m
  ↳ /usr/local/lib/ruby/gems/2.6.0/bin/rake:23
  [1m[35m (98.6ms)[0m  [1m[35mCREATE DATABASE "TherastarTest_development" ENCODING = 'unicode'[0m
  ↳ /usr/local/lib/ruby/gems/2.6.0/bin/rake:23
  [1m[35m (247.0ms)[0m  [1m[35mCREATE DATABASE "TherastarTest_test" ENCODING = 'unicode'[0m
  ↳ /usr/local/lib/ruby/gems/2.6.0/bin/rake:23
  [1m[35m (15.2ms)[0m  [1m[35mCREATE DATABASE "TherastarTest_development" ENCODING = 'unicode'[0m
  ↳ /usr/local/lib/ruby/gems/2.6.0/bin/rake:23
  [1m[35m (0.5ms)[0m  [1m[35mCREATE DATABASE "TherastarTest_test" ENCODING = 'unicode'[0m
  ↳ /usr/local/lib/ruby/gems/2.6.0/bin/rake:23
  [1m[35m (5.2ms)[0m  [1m[35mCREATE TABLE "schema_migrations" ("version" character varying NOT NULL PRIMARY KEY)[0m
  ↳ /usr/local/lib/ruby/gems/2.6.0/bin/rake:23
  [1m[35m (43.6ms)[0m  [1m[35mCREATE TABLE "ar_internal_metadata" ("key" character varying NOT NULL PRIMARY KEY, "value" character varying, "created_at" timestamp NOT NULL, "updated_at" timestamp NOT NULL)[0m
  ↳ /usr/local/lib/ruby/gems/2.6.0/bin/rake:23
  [1m[35m (0.4ms)[0m  [1m[34mSELECT pg_try_advisory_lock(3969778060701379920)[0m
  ↳ /usr/local/lib/ruby/gems/2.6.0/bin/rake:23
  [1m[35m (0.7ms)[0m  [1m[34mSELECT "schema_migrations"."version" FROM "schema_migrations" ORDER BY "schema_migrations"."version" ASC[0m
  ↳ /usr/local/lib/ruby/gems/2.6.0/bin/rake:23
Migrating to CreateMhps (20200228190443)
  [1m[35m (2.9ms)[0m  [1m[35mBEGIN[0m
  ↳ /usr/local/lib/ruby/gems/2.6.0/bin/rake:23
  [1m[35m (45.8ms)[0m  [1m[35mCREATE TABLE "mhps" ("id" bigserial primary key, "name" character varying, "occupation" character varying, "address" character varying, "insurance" character varying, "accepting" character varying, "email" character varying, "phone" integer, "bio" character varying, "created_at" timestamp NOT NULL, "updated_at" timestamp NOT NULL)[0m
  ↳ db/migrate/20200228190443_create_mhps.rb:3
  [1m[36mActiveRecord::SchemaMigration Create (0.5ms)[0m  [1m[32mINSERT INTO "schema_migrations" ("version") VALUES ($1) RETURNING "version"[0m  [["version", "20200228190443"]]
  ↳ /usr/local/lib/ruby/gems/2.6.0/bin/rake:23
  [1m[35m (0.8ms)[0m  [1m[35mCOMMIT[0m
  ↳ /usr/local/lib/ruby/gems/2.6.0/bin/rake:23
  [1m[36mActiveRecord::InternalMetadata Load (0.3ms)[0m  [1m[34mSELECT  "ar_internal_metadata".* FROM "ar_internal_metadata" WHERE "ar_internal_metadata"."key" = $1 LIMIT $2[0m  [["key", "environment"], ["LIMIT", 1]]
  ↳ /usr/local/lib/ruby/gems/2.6.0/bin/rake:23
  [1m[35m (0.2ms)[0m  [1m[35mBEGIN[0m
  ↳ /usr/local/lib/ruby/gems/2.6.0/bin/rake:23
  [1m[36mActiveRecord::InternalMetadata Create (0.4ms)[0m  [1m[32mINSERT INTO "ar_internal_metadata" ("key", "value", "created_at", "updated_at") VALUES ($1, $2, $3, $4) RETURNING "key"[0m  [["key", "environment"], ["value", "development"], ["created_at", "2020-02-28 19:09:57.817287"], ["updated_at", "2020-02-28 19:09:57.817287"]]
  ↳ /usr/local/lib/ruby/gems/2.6.0/bin/rake:23
  [1m[35m (41.4ms)[0m  [1m[35mCOMMIT[0m
  ↳ /usr/local/lib/ruby/gems/2.6.0/bin/rake:23
  [1m[35m (0.3ms)[0m  [1m[34mSELECT pg_advisory_unlock(3969778060701379920)[0m
  ↳ /usr/local/lib/ruby/gems/2.6.0/bin/rake:23
  [1m[35m (0.4ms)[0m  [1m[34mSELECT "schema_migrations"."version" FROM "schema_migrations" ORDER BY "schema_migrations"."version" ASC[0m
  ↳ /usr/local/lib/ruby/gems/2.6.0/bin/rake:23
  [1m[35m (0.3ms)[0m  [1m[34mSELECT pg_try_advisory_lock(3969778060701379920)[0m
  ↳ /usr/local/lib/ruby/gems/2.6.0/bin/rake:23
  [1m[35m (0.5ms)[0m  [1m[34mSELECT "schema_migrations"."version" FROM "schema_migrations" ORDER BY "schema_migrations"."version" ASC[0m
  ↳ /usr/local/lib/ruby/gems/2.6.0/bin/rake:23
Migrating to CreateArticles (20200228191112)
  [1m[35m (0.2ms)[0m  [1m[35mBEGIN[0m
  ↳ /usr/local/lib/ruby/gems/2.6.0/bin/rake:23
  [1m[35m (42.6ms)[0m  [1m[35mCREATE TABLE "articles" ("id" bigserial primary key, "name" character varying, "link" character varying, "description" character varying, "created_at" timestamp NOT NULL, "updated_at" timestamp NOT NULL)[0m
  ↳ db/migrate/20200228191112_create_articles.rb:3
  [1m[36mActiveRecord::SchemaMigration Create (6.3ms)[0m  [1m[32mINSERT INTO "schema_migrations" ("version") VALUES ($1) RETURNING "version"[0m  [["version", "20200228191112"]]
  ↳ /usr/local/lib/ruby/gems/2.6.0/bin/rake:23
  [1m[35m (41.0ms)[0m  [1m[35mCOMMIT[0m
  ↳ /usr/local/lib/ruby/gems/2.6.0/bin/rake:23
  [1m[36mActiveRecord::InternalMetadata Load (6.7ms)[0m  [1m[34mSELECT  "ar_internal_metadata".* FROM "ar_internal_metadata" WHERE "ar_internal_metadata"."key" = $1 LIMIT $2[0m  [["key", "environment"], ["LIMIT", 1]]
  ↳ /usr/local/lib/ruby/gems/2.6.0/bin/rake:23
  [1m[35m (0.2ms)[0m  [1m[35mBEGIN[0m
  ↳ /usr/local/lib/ruby/gems/2.6.0/bin/rake:23
  [1m[35m (0.2ms)[0m  [1m[35mCOMMIT[0m
  ↳ /usr/local/lib/ruby/gems/2.6.0/bin/rake:23
  [1m[35m (0.2ms)[0m  [1m[34mSELECT pg_advisory_unlock(3969778060701379920)[0m
  ↳ /usr/local/lib/ruby/gems/2.6.0/bin/rake:23
  [1m[35m (0.2ms)[0m  [1m[34mSELECT "schema_migrations"."version" FROM "schema_migrations" ORDER BY "schema_migrations"."version" ASC[0m
  ↳ /usr/local/lib/ruby/gems/2.6.0/bin/rake:23
  [1m[35m (0.5ms)[0m  [1m[34mSELECT pg_try_advisory_lock(3969778060701379920)[0m
  ↳ /usr/local/lib/ruby/gems/2.6.0/bin/rake:23
  [1m[35m (0.8ms)[0m  [1m[34mSELECT "schema_migrations"."version" FROM "schema_migrations" ORDER BY "schema_migrations"."version" ASC[0m
  ↳ /usr/local/lib/ruby/gems/2.6.0/bin/rake:23
Migrating to CreateReviews (20200228191244)
  [1m[35m (0.3ms)[0m  [1m[35mBEGIN[0m
  ↳ /usr/local/lib/ruby/gems/2.6.0/bin/rake:23
  [1m[35m (54.5ms)[0m  [1m[35mCREATE TABLE "reviews" ("id" bigserial primary key, "name" character varying, "subject" character varying, "rating" integer, "content" character varying)[0m
  ↳ db/migrate/20200228191244_create_reviews.rb:3
  [1m[36mActiveRecord::SchemaMigration Create (1.4ms)[0m  [1m[32mINSERT INTO "schema_migrations" ("version") VALUES ($1) RETURNING "version"[0m  [["version", "20200228191244"]]
  ↳ /usr/local/lib/ruby/gems/2.6.0/bin/rake:23
  [1m[35m (1.2ms)[0m  [1m[35mCOMMIT[0m
  ↳ /usr/local/lib/ruby/gems/2.6.0/bin/rake:23
  [1m[36mActiveRecord::InternalMetadata Load (0.6ms)[0m  [1m[34mSELECT  "ar_internal_metadata".* FROM "ar_internal_metadata" WHERE "ar_internal_metadata"."key" = $1 LIMIT $2[0m  [["key", "environment"], ["LIMIT", 1]]
  ↳ /usr/local/lib/ruby/gems/2.6.0/bin/rake:23
  [1m[35m (0.3ms)[0m  [1m[35mBEGIN[0m
  ↳ /usr/local/lib/ruby/gems/2.6.0/bin/rake:23
  [1m[35m (0.5ms)[0m  [1m[35mCOMMIT[0m
  ↳ /usr/local/lib/ruby/gems/2.6.0/bin/rake:23
  [1m[35m (0.4ms)[0m  [1m[34mSELECT pg_advisory_unlock(3969778060701379920)[0m
  ↳ /usr/local/lib/ruby/gems/2.6.0/bin/rake:23
  [1m[35m (0.4ms)[0m  [1m[34mSELECT "schema_migrations"."version" FROM "schema_migrations" ORDER BY "schema_migrations"."version" ASC[0m
  ↳ /usr/local/lib/ruby/gems/2.6.0/bin/rake:23
  [1m[35m (1.3ms)[0m  [1m[34mSELECT "schema_migrations"."version" FROM "schema_migrations" ORDER BY "schema_migrations"."version" ASC[0m
  ↳ /usr/local/lib/ruby/gems/2.6.0/bin/rake:23
  [1m[35m (0.5ms)[0m  [1m[34mSELECT "ar_internal_metadata"."value" FROM "ar_internal_metadata" WHERE "ar_internal_metadata"."key" = $1[0m  [["key", "environment"]]
  ↳ /usr/local/lib/ruby/gems/2.6.0/bin/rake:23
  [1m[35m (0.3ms)[0m  [1m[34mSELECT "schema_migrations"."version" FROM "schema_migrations" ORDER BY "schema_migrations"."version" ASC[0m
  ↳ /usr/local/lib/ruby/gems/2.6.0/bin/rake:23
  [1m[35m (0.2ms)[0m  [1m[34mSELECT "ar_internal_metadata"."value" FROM "ar_internal_metadata" WHERE "ar_internal_metadata"."key" = $1[0m  [["key", "environment"]]
  ↳ /usr/local/lib/ruby/gems/2.6.0/bin/rake:23
  [1m[35m (0.4ms)[0m  [1m[34mSELECT "schema_migrations"."version" FROM "schema_migrations" ORDER BY "schema_migrations"."version" ASC[0m
  ↳ /usr/local/lib/ruby/gems/2.6.0/bin/rake:23
  [1m[35m (0.3ms)[0m  [1m[34mSELECT "ar_internal_metadata"."value" FROM "ar_internal_metadata" WHERE "ar_internal_metadata"."key" = $1[0m  [["key", "environment"]]
  ↳ /usr/local/lib/ruby/gems/2.6.0/bin/rake:23
  [1m[35m (19.8ms)[0m  [1m[35mDROP DATABASE IF EXISTS "TherastarTest_development"[0m
  ↳ /usr/local/lib/ruby/gems/2.6.0/bin/rake:23
  [1m[35m (20.5ms)[0m  [1m[35mDROP DATABASE IF EXISTS "TherastarTest_test"[0m
  ↳ /usr/local/lib/ruby/gems/2.6.0/bin/rake:23
  [1m[35m (50.9ms)[0m  [1m[35mCREATE DATABASE "TherastarTest_development" ENCODING = 'unicode'[0m
  ↳ /usr/local/lib/ruby/gems/2.6.0/bin/rake:23
  [1m[35m (68.1ms)[0m  [1m[35mCREATE DATABASE "TherastarTest_test" ENCODING = 'unicode'[0m
  ↳ /usr/local/lib/ruby/gems/2.6.0/bin/rake:23
  [1m[35m (5.6ms)[0m  [1m[35mCREATE TABLE "schema_migrations" ("version" character varying NOT NULL PRIMARY KEY)[0m
  ↳ /usr/local/lib/ruby/gems/2.6.0/bin/rake:23
  [1m[35m (3.1ms)[0m  [1m[35mCREATE TABLE "ar_internal_metadata" ("key" character varying NOT NULL PRIMARY KEY, "value" character varying, "created_at" timestamp NOT NULL, "updated_at" timestamp NOT NULL)[0m
  ↳ /usr/local/lib/ruby/gems/2.6.0/bin/rake:23
  [1m[35m (0.4ms)[0m  [1m[34mSELECT pg_try_advisory_lock(3969778060701379920)[0m
  ↳ /usr/local/lib/ruby/gems/2.6.0/bin/rake:23
  [1m[35m (0.6ms)[0m  [1m[34mSELECT "schema_migrations"."version" FROM "schema_migrations" ORDER BY "schema_migrations"."version" ASC[0m
  ↳ /usr/local/lib/ruby/gems/2.6.0/bin/rake:23
Migrating to CreateMhps (20200228190443)
  [1m[35m (0.3ms)[0m  [1m[35mBEGIN[0m
  ↳ /usr/local/lib/ruby/gems/2.6.0/bin/rake:23
  [1m[35m (50.8ms)[0m  [1m[35mCREATE TABLE "mhps" ("id" bigserial primary key, "name" character varying, "occupation" character varying, "address" character varying, "insurance" character varying, "accepting" character varying, "email" character varying, "phone" integer, "bio" character varying, "link" character varying, "created_at" timestamp NOT NULL, "updated_at" timestamp NOT NULL)[0m
  ↳ db/migrate/20200228190443_create_mhps.rb:3
  [1m[36mActiveRecord::SchemaMigration Create (0.8ms)[0m  [1m[32mINSERT INTO "schema_migrations" ("version") VALUES ($1) RETURNING "version"[0m  [["version", "20200228190443"]]
  ↳ /usr/local/lib/ruby/gems/2.6.0/bin/rake:23
  [1m[35m (0.8ms)[0m  [1m[35mCOMMIT[0m
  ↳ /usr/local/lib/ruby/gems/2.6.0/bin/rake:23
Migrating to CreateArticles (20200228191112)
  [1m[35m (0.4ms)[0m  [1m[35mBEGIN[0m
  ↳ /usr/local/lib/ruby/gems/2.6.0/bin/rake:23
  [1m[35m (4.6ms)[0m  [1m[35mCREATE TABLE "articles" ("id" bigserial primary key, "name" character varying, "link" character varying, "description" character varying, "created_at" timestamp NOT NULL, "updated_at" timestamp NOT NULL)[0m
  ↳ db/migrate/20200228191112_create_articles.rb:3
  [1m[36mActiveRecord::SchemaMigration Create (0.5ms)[0m  [1m[32mINSERT INTO "schema_migrations" ("version") VALUES ($1) RETURNING "version"[0m  [["version", "20200228191112"]]
  ↳ /usr/local/lib/ruby/gems/2.6.0/bin/rake:23
  [1m[35m (0.9ms)[0m  [1m[35mCOMMIT[0m
  ↳ /usr/local/lib/ruby/gems/2.6.0/bin/rake:23
Migrating to CreateReviews (20200228191244)
  [1m[35m (0.3ms)[0m  [1m[35mBEGIN[0m
  ↳ /usr/local/lib/ruby/gems/2.6.0/bin/rake:23
  [1m[35m (3.0ms)[0m  [1m[35mCREATE TABLE "reviews" ("id" bigserial primary key, "name" character varying, "subject" character varying, "rating" integer, "content" character varying)[0m
  ↳ db/migrate/20200228191244_create_reviews.rb:3
  [1m[36mActiveRecord::SchemaMigration Create (0.3ms)[0m  [1m[32mINSERT INTO "schema_migrations" ("version") VALUES ($1) RETURNING "version"[0m  [["version", "20200228191244"]]
  ↳ /usr/local/lib/ruby/gems/2.6.0/bin/rake:23
  [1m[35m (1.0ms)[0m  [1m[35mCOMMIT[0m
  ↳ /usr/local/lib/ruby/gems/2.6.0/bin/rake:23
  [1m[36mActiveRecord::InternalMetadata Load (0.8ms)[0m  [1m[34mSELECT  "ar_internal_metadata".* FROM "ar_internal_metadata" WHERE "ar_internal_metadata"."key" = $1 LIMIT $2[0m  [["key", "environment"], ["LIMIT", 1]]
  ↳ /usr/local/lib/ruby/gems/2.6.0/bin/rake:23
  [1m[35m (0.3ms)[0m  [1m[35mBEGIN[0m
  ↳ /usr/local/lib/ruby/gems/2.6.0/bin/rake:23
  [1m[36mActiveRecord::InternalMetadata Create (0.9ms)[0m  [1m[32mINSERT INTO "ar_internal_metadata" ("key", "value", "created_at", "updated_at") VALUES ($1, $2, $3, $4) RETURNING "key"[0m  [["key", "environment"], ["value", "development"], ["created_at", "2020-02-28 20:59:14.531498"], ["updated_at", "2020-02-28 20:59:14.531498"]]
  ↳ /usr/local/lib/ruby/gems/2.6.0/bin/rake:23
  [1m[35m (1.0ms)[0m  [1m[35mCOMMIT[0m
  ↳ /usr/local/lib/ruby/gems/2.6.0/bin/rake:23
  [1m[35m (0.4ms)[0m  [1m[34mSELECT pg_advisory_unlock(3969778060701379920)[0m
  ↳ /usr/local/lib/ruby/gems/2.6.0/bin/rake:23
  [1m[35m (0.7ms)[0m  [1m[34mSELECT "schema_migrations"."version" FROM "schema_migrations" ORDER BY "schema_migrations"."version" ASC[0m
  ↳ /usr/local/lib/ruby/gems/2.6.0/bin/rake:23
